<?xml version="1.0" encoding="UTF-8"?>
<!-- Generated by org.testng.reporters.JUnitXMLReporter -->
<testsuite ignored="0" hostname="MacHDs-MacBook-Air.local" failures="0" tests="2" name="/Users/machd/IdeaProjects/NoonProject" time="15.435" errors="0" timestamp="2024-07-28T17:14:39 EEST">
  <testcase classname="SearchByKeywordAndCheckoutTestCase" name="SearchByKeyWord" time="4.796"/>
  <testcase classname="SearchByCategoryTestCase" name="SearchByCategory" time="2.316"/>
</testsuite> <!-- /Users/machd/IdeaProjects/NoonProject -->
